<?xml version="1.0" encoding="UTF-8"?>
<!-- Generated by org.testng.reporters.JUnitReportReporter -->
<testsuite hostname="Akshats-MacBook-Air.local" failures="0" tests="3" name="com.test.BS.smokeTest.HomePageTest" time="71.293" errors="0" timestamp="2024-11-25T17:21:13 IST" skipped="0">
  <testcase classname="com.test.BS.smokeTest.HomePageTest" name="validateHeaderFunctionality" time="33.794"/>
  <testcase classname="com.test.BS.smokeTest.HomePageTest" name="validateHomePageLinksWorksAsExpected" time="15.018"/>
  <testcase classname="com.test.BS.smokeTest.HomePageTest" name="validateHomePageDropdownLinksWorksAsExpected" time="22.481"/>
</testsuite> <!-- com.test.BS.smokeTest.HomePageTest -->
