<?xml version="1.0" encoding="UTF-8"?>
<!-- Generated by org.testng.reporters.JUnitReportReporter -->
<testsuite hostname="Akshats-MacBook-Air.local" failures="0" tests="2" name="com.test.BS.smokeTest.HomePageTest" time="43.442" errors="0" timestamp="2024-11-24T19:47:22 IST" skipped="0">
  <testcase classname="com.test.BS.smokeTest.HomePageTest" name="validateHomePageLinksWorksAsExpected" time="25.229"/>
  <testcase classname="com.test.BS.smokeTest.HomePageTest" name="validateHomePageDropdownLinksWorksAsExpected" time="18.213"/>
</testsuite> <!-- com.test.BS.smokeTest.HomePageTest -->
